<?xml version="1.0" encoding="UTF-8"?>
<coverage generated="1715962057557" clover="3.2.0">
  <project timestamp="1715962057558" name="All files">
    <metrics statements="43" coveredstatements="33" conditionals="15" coveredconditionals="11" methods="10" coveredmethods="7" elements="68" coveredelements="51" complexity="0" loc="43" ncloc="43" packages="1" files="3" classes="3"/>
    <file name="reviews.js" path="C:\Users\haile\OneDrive\Desktop\ACIT2911-group-13--1\web\assets\js\reviews.js">
      <metrics statements="14" coveredstatements="14" conditionals="2" coveredconditionals="2" methods="3" coveredmethods="3"/>
      <line num="4" count="1" type="stmt"/>
      <line num="6" count="1" type="stmt"/>
      <line num="8" count="1" type="stmt"/>
      <line num="9" count="1" type="stmt"/>
      <line num="10" count="1" type="stmt"/>
      <line num="11" count="1" type="stmt"/>
      <line num="38" count="1" type="stmt"/>
      <line num="43" count="4" type="stmt"/>
      <line num="44" count="4" type="stmt"/>
      <line num="45" count="20" type="cond" truecount="2" falsecount="0"/>
      <line num="46" count="13" type="stmt"/>
      <line num="50" count="7" type="stmt"/>
      <line num="55" count="4" type="stmt"/>
      <line num="59" count="1" type="stmt"/>
    </file>
    <file name="signup.js" path="C:\Users\haile\OneDrive\Desktop\ACIT2911-group-13--1\web\assets\js\signup.js">
      <metrics statements="26" coveredstatements="16" conditionals="13" coveredconditionals="9" methods="5" coveredmethods="2"/>
      <line num="2" count="0" type="stmt"/>
      <line num="3" count="0" type="stmt"/>
      <line num="4" count="0" type="stmt"/>
      <line num="5" count="0" type="cond" truecount="0" falsecount="2"/>
      <line num="6" count="0" type="stmt"/>
      <line num="8" count="0" type="stmt"/>
      <line num="19" count="0" type="cond" truecount="0" falsecount="2"/>
      <line num="20" count="0" type="stmt"/>
      <line num="21" count="0" type="stmt"/>
      <line num="23" count="0" type="stmt"/>
      <line num="31" count="6" type="stmt"/>
      <line num="32" count="6" type="stmt"/>
      <line num="33" count="6" type="stmt"/>
      <line num="35" count="6" type="cond" truecount="5" falsecount="0"/>
      <line num="36" count="3" type="stmt"/>
      <line num="37" count="3" type="stmt"/>
      <line num="40" count="3" type="cond" truecount="2" falsecount="0"/>
      <line num="41" count="1" type="stmt"/>
      <line num="42" count="1" type="stmt"/>
      <line num="45" count="2" type="cond" truecount="2" falsecount="0"/>
      <line num="46" count="1" type="stmt"/>
      <line num="47" count="1" type="stmt"/>
      <line num="50" count="1" type="stmt"/>
      <line num="54" count="8" type="stmt"/>
      <line num="55" count="8" type="stmt"/>
      <line num="58" count="1" type="stmt"/>
    </file>
    <file name="userSession.js" path="C:\Users\haile\OneDrive\Desktop\ACIT2911-group-13--1\web\assets\js\userSession.js">
      <metrics statements="3" coveredstatements="3" conditionals="0" coveredconditionals="0" methods="2" coveredmethods="2"/>
      <line num="2" count="1" type="stmt"/>
      <line num="6" count="1" type="stmt"/>
      <line num="9" count="1" type="stmt"/>
    </file>
  </project>
</coverage>
