{"C:\\Users\\haile\\OneDrive\\Desktop\\ACIT2911-group-13--1\\web\\assets\\js\\reviews.js": {"path":"C:\\Users\\haile\\OneDrive\\Desktop\\ACIT2911-group-13--1\\web\\assets\\js\\reviews.js","statementMap":{"0":{"start":{"line":4,"column":28},"end":{"line":4,"column":67}},"1":{"start":{"line":6,"column":4},"end":{"line":6,"column":35}},"2":{"start":{"line":8,"column":4},"end":{"line":39,"column":7}},"3":{"start":{"line":9,"column":26},"end":{"line":9,"column":55}},"4":{"start":{"line":10,"column":8},"end":{"line":10,"column":111}},"5":{"start":{"line":11,"column":8},"end":{"line":36,"column":10}},"6":{"start":{"line":38,"column":8},"end":{"line":38,"column":47}},"7":{"start":{"line":43,"column":20},"end":{"line":43,"column":22}},"8":{"start":{"line":44,"column":4},"end":{"line":54,"column":5}},"9":{"start":{"line":44,"column":17},"end":{"line":44,"column":18}},"10":{"start":{"line":45,"column":8},"end":{"line":53,"column":9}},"11":{"start":{"line":46,"column":12},"end":{"line":48,"column":20}},"12":{"start":{"line":50,"column":12},"end":{"line":52,"column":20}},"13":{"start":{"line":55,"column":4},"end":{"line":55,"column":21}},"14":{"start":{"line":59,"column":0},"end":{"line":62,"column":2}}},"fnMap":{"0":{"name":"renderReviews","decl":{"start":{"line":3,"column":9},"end":{"line":3,"column":22}},"loc":{"start":{"line":3,"column":29},"end":{"line":40,"column":1}},"line":3},"1":{"name":"(anonymous_1)","decl":{"start":{"line":8,"column":17},"end":{"line":8,"column":18}},"loc":{"start":{"line":8,"column":27},"end":{"line":39,"column":5}},"line":8},"2":{"name":"generateRatingStars","decl":{"start":{"line":42,"column":9},"end":{"line":42,"column":28}},"loc":{"start":{"line":42,"column":37},"end":{"line":56,"column":1}},"line":42}},"branchMap":{"0":{"loc":{"start":{"line":45,"column":8},"end":{"line":53,"column":9}},"type":"if","locations":[{"start":{"line":45,"column":8},"end":{"line":53,"column":9}},{"start":{"line":49,"column":15},"end":{"line":53,"column":9}}],"line":45}},"s":{"0":1,"1":1,"2":1,"3":1,"4":1,"5":1,"6":1,"7":4,"8":4,"9":4,"10":20,"11":13,"12":7,"13":4,"14":1},"f":{"0":1,"1":1,"2":4},"b":{"0":[13,7]},"_coverageSchema":"1a1c01bbd47fc00a2c39e90264f33305004495a9","hash":"74ce4fbf35be45533d525602b925e5032676607e"}
,"C:\\Users\\haile\\OneDrive\\Desktop\\ACIT2911-group-13--1\\web\\assets\\js\\signup.js": {"path":"C:\\Users\\haile\\OneDrive\\Desktop\\ACIT2911-group-13--1\\web\\assets\\js\\signup.js","statementMap":{"0":{"start":{"line":2,"column":17},"end":{"line":2,"column":53}},"1":{"start":{"line":3,"column":25},"end":{"line":3,"column":65}},"2":{"start":{"line":4,"column":4},"end":{"line":27,"column":7}},"3":{"start":{"line":5,"column":8},"end":{"line":26,"column":9}},"4":{"start":{"line":6,"column":12},"end":{"line":6,"column":35}},"5":{"start":{"line":8,"column":12},"end":{"line":25,"column":15}},"6":{"start":{"line":19,"column":16},"end":{"line":24,"column":17}},"7":{"start":{"line":20,"column":20},"end":{"line":20,"column":85}},"8":{"start":{"line":21,"column":20},"end":{"line":21,"column":52}},"9":{"start":{"line":23,"column":20},"end":{"line":23,"column":66}},"10":{"start":{"line":31,"column":21},"end":{"line":31,"column":69}},"11":{"start":{"line":32,"column":18},"end":{"line":32,"column":63}},"12":{"start":{"line":33,"column":21},"end":{"line":33,"column":69}},"13":{"start":{"line":35,"column":4},"end":{"line":38,"column":5}},"14":{"start":{"line":36,"column":8},"end":{"line":36,"column":48}},"15":{"start":{"line":37,"column":8},"end":{"line":37,"column":21}},"16":{"start":{"line":40,"column":4},"end":{"line":43,"column":5}},"17":{"start":{"line":41,"column":8},"end":{"line":41,"column":49}},"18":{"start":{"line":42,"column":8},"end":{"line":42,"column":21}},"19":{"start":{"line":45,"column":4},"end":{"line":48,"column":5}},"20":{"start":{"line":46,"column":8},"end":{"line":46,"column":199}},"21":{"start":{"line":47,"column":8},"end":{"line":47,"column":21}},"22":{"start":{"line":50,"column":4},"end":{"line":50,"column":16}},"23":{"start":{"line":54,"column":18},"end":{"line":54,"column":89}},"24":{"start":{"line":55,"column":4},"end":{"line":55,"column":32}},"25":{"start":{"line":58,"column":0},"end":{"line":62,"column":2}}},"fnMap":{"0":{"name":"initializeSignupForm","decl":{"start":{"line":1,"column":9},"end":{"line":1,"column":29}},"loc":{"start":{"line":1,"column":32},"end":{"line":28,"column":1}},"line":1},"1":{"name":"(anonymous_1)","decl":{"start":{"line":4,"column":43},"end":{"line":4,"column":44}},"loc":{"start":{"line":4,"column":59},"end":{"line":27,"column":5}},"line":4},"2":{"name":"(anonymous_2)","decl":{"start":{"line":18,"column":20},"end":{"line":18,"column":21}},"loc":{"start":{"line":18,"column":32},"end":{"line":25,"column":13}},"line":18},"3":{"name":"validateForm","decl":{"start":{"line":30,"column":9},"end":{"line":30,"column":21}},"loc":{"start":{"line":30,"column":24},"end":{"line":51,"column":1}},"line":30},"4":{"name":"isStrongPassword","decl":{"start":{"line":53,"column":9},"end":{"line":53,"column":25}},"loc":{"start":{"line":53,"column":36},"end":{"line":56,"column":1}},"line":53}},"branchMap":{"0":{"loc":{"start":{"line":5,"column":8},"end":{"line":26,"column":9}},"type":"if","locations":[{"start":{"line":5,"column":8},"end":{"line":26,"column":9}},{"start":{"line":7,"column":15},"end":{"line":26,"column":9}}],"line":5},"1":{"loc":{"start":{"line":19,"column":16},"end":{"line":24,"column":17}},"type":"if","locations":[{"start":{"line":19,"column":16},"end":{"line":24,"column":17}},{"start":{"line":22,"column":23},"end":{"line":24,"column":17}}],"line":19},"2":{"loc":{"start":{"line":35,"column":4},"end":{"line":38,"column":5}},"type":"if","locations":[{"start":{"line":35,"column":4},"end":{"line":38,"column":5}},{"start":{},"end":{}}],"line":35},"3":{"loc":{"start":{"line":35,"column":8},"end":{"line":35,"column":40}},"type":"binary-expr","locations":[{"start":{"line":35,"column":8},"end":{"line":35,"column":17}},{"start":{"line":35,"column":21},"end":{"line":35,"column":27}},{"start":{"line":35,"column":31},"end":{"line":35,"column":40}}],"line":35},"4":{"loc":{"start":{"line":40,"column":4},"end":{"line":43,"column":5}},"type":"if","locations":[{"start":{"line":40,"column":4},"end":{"line":43,"column":5}},{"start":{},"end":{}}],"line":40},"5":{"loc":{"start":{"line":45,"column":4},"end":{"line":48,"column":5}},"type":"if","locations":[{"start":{"line":45,"column":4},"end":{"line":48,"column":5}},{"start":{},"end":{}}],"line":45}},"s":{"0":0,"1":0,"2":0,"3":0,"4":0,"5":0,"6":0,"7":0,"8":0,"9":0,"10":6,"11":6,"12":6,"13":6,"14":3,"15":3,"16":3,"17":1,"18":1,"19":2,"20":1,"21":1,"22":1,"23":8,"24":8,"25":1},"f":{"0":0,"1":0,"2":0,"3":6,"4":8},"b":{"0":[0,0],"1":[0,0],"2":[3,3],"3":[6,5,4],"4":[1,2],"5":[1,1]},"_coverageSchema":"1a1c01bbd47fc00a2c39e90264f33305004495a9","hash":"ea056f3d0f63a3e68b3d6aabb9fb16b360c99e55"}
,"C:\\Users\\haile\\OneDrive\\Desktop\\ACIT2911-group-13--1\\web\\assets\\js\\userSession.js": {"path":"C:\\Users\\haile\\OneDrive\\Desktop\\ACIT2911-group-13--1\\web\\assets\\js\\userSession.js","statementMap":{"0":{"start":{"line":2,"column":4},"end":{"line":2,"column":55}},"1":{"start":{"line":6,"column":4},"end":{"line":6,"column":52}},"2":{"start":{"line":9,"column":0},"end":{"line":12,"column":2}}},"fnMap":{"0":{"name":"setUser","decl":{"start":{"line":1,"column":9},"end":{"line":1,"column":16}},"loc":{"start":{"line":1,"column":23},"end":{"line":3,"column":1}},"line":1},"1":{"name":"getUser","decl":{"start":{"line":5,"column":9},"end":{"line":5,"column":16}},"loc":{"start":{"line":5,"column":19},"end":{"line":7,"column":1}},"line":5}},"branchMap":{},"s":{"0":1,"1":1,"2":1},"f":{"0":1,"1":1},"b":{},"_coverageSchema":"1a1c01bbd47fc00a2c39e90264f33305004495a9","hash":"42b492799c1235a2e4ac9951b1e330b1da7fdb4a"}
}
