TN:
SF:web\assets\js\reviews.js
FN:3,renderReviews
FN:8,(anonymous_1)
FN:42,generateRatingStars
FNF:3
FNH:3
FNDA:1,renderReviews
FNDA:1,(anonymous_1)
FNDA:4,generateRatingStars
DA:4,1
DA:6,1
DA:8,1
DA:9,1
DA:10,1
DA:11,1
DA:38,1
DA:43,4
DA:44,4
DA:45,20
DA:46,13
DA:50,7
DA:55,4
DA:59,1
LF:14
LH:14
BRDA:45,0,0,13
BRDA:45,0,1,7
BRF:2
BRH:2
end_of_record
TN:
SF:web\assets\js\signup.js
FN:1,initializeSignupForm
FN:4,(anonymous_1)
FN:18,(anonymous_2)
FN:30,validateForm
FN:53,isStrongPassword
FNF:5
FNH:2
FNDA:0,initializeSignupForm
FNDA:0,(anonymous_1)
FNDA:0,(anonymous_2)
FNDA:6,validateForm
FNDA:8,isStrongPassword
DA:2,0
DA:3,0
DA:4,0
DA:5,0
DA:6,0
DA:8,0
DA:19,0
DA:20,0
DA:21,0
DA:23,0
DA:31,6
DA:32,6
DA:33,6
DA:35,6
DA:36,3
DA:37,3
DA:40,3
DA:41,1
DA:42,1
DA:45,2
DA:46,1
DA:47,1
DA:50,1
DA:54,8
DA:55,8
DA:58,1
LF:26
LH:16
BRDA:5,0,0,0
BRDA:5,0,1,0
BRDA:19,1,0,0
BRDA:19,1,1,0
BRDA:35,2,0,3
BRDA:35,2,1,3
BRDA:35,3,0,6
BRDA:35,3,1,5
BRDA:35,3,2,4
BRDA:40,4,0,1
BRDA:40,4,1,2
BRDA:45,5,0,1
BRDA:45,5,1,1
BRF:13
BRH:9
end_of_record
TN:
SF:web\assets\js\userSession.js
FN:1,setUser
FN:5,getUser
FNF:2
FNH:2
FNDA:1,setUser
FNDA:1,getUser
DA:2,1
DA:6,1
DA:9,1
LF:3
LH:3
BRF:0
BRH:0
end_of_record
